TN:
SF:app\(tabs)\index.tsx
FN:67,HomeScreen
FN:88,(anonymous_1)
FN:130,(anonymous_2)
FNF:3
FNH:3
FNDA:5,HomeScreen
FNDA:25,(anonymous_1)
FNDA:20,(anonymous_2)
DA:13,1
DA:14,1
DA:16,1
DA:24,1
DA:68,5
DA:89,25
DA:131,20
DA:171,1
LF:8
LH:8
BRDA:94,0,0,5
BRDA:94,0,1,20
BRDA:101,1,0,5
BRDA:101,1,1,20
BRF:4
BRH:4
end_of_record
TN:
SF:app\(tabs)\onboarding.tsx
FN:58,(anonymous_0)
FN:64,(anonymous_1)
FN:72,(anonymous_2)
FN:86,(anonymous_3)
FN:87,(anonymous_4)
FNF:5
FNH:5
FNDA:9,(anonymous_0)
FNDA:4,(anonymous_1)
FNDA:9,(anonymous_2)
FNDA:4,(anonymous_3)
FNDA:9,(anonymous_4)
DA:27,1
DA:58,1
DA:59,9
DA:60,9
DA:62,9
DA:64,9
DA:65,4
DA:66,1
DA:67,1
DA:69,3
DA:72,9
DA:73,9
DA:80,9
DA:86,4
DA:88,9
DA:116,1
LF:16
LH:16
BRDA:65,0,0,1
BRDA:65,0,1,3
BRDA:103,1,0,1
BRDA:103,1,1,8
BRF:4
BRH:4
end_of_record
TN:
SF:assets\images\screen1.png
FNF:0
FNH:0
DA:1,1
LF:1
LH:1
BRF:0
BRH:0
end_of_record
TN:
SF:assets\images\screen2.png
FNF:0
FNH:0
DA:1,1
LF:1
LH:1
BRF:0
BRH:0
end_of_record
TN:
SF:assets\images\screen3.png
FNF:0
FNH:0
DA:1,1
LF:1
LH:1
BRF:0
BRH:0
end_of_record
TN:
SF:assets\images\screen4.png
FNF:0
FNH:0
DA:1,1
LF:1
LH:1
BRF:0
BRH:0
end_of_record
