TN:
SF:app\(tabs)\onboarding.tsx
FN:58,(anonymous_0)
FN:64,(anonymous_1)
FN:72,(anonymous_2)
FN:86,(anonymous_3)
FN:87,(anonymous_4)
FNF:5
FNH:5
FNDA:5,(anonymous_0)
FNDA:2,(anonymous_1)
FNDA:5,(anonymous_2)
FNDA:2,(anonymous_3)
FNDA:5,(anonymous_4)
DA:27,1
DA:58,1
DA:59,5
DA:60,5
DA:62,5
DA:64,5
DA:65,2
DA:66,1
DA:67,1
DA:69,1
DA:72,5
DA:73,5
DA:80,5
DA:86,2
DA:88,5
DA:116,1
LF:16
LH:16
BRDA:65,0,0,1
BRDA:65,0,1,1
BRDA:103,1,0,1
BRDA:103,1,1,4
BRF:4
BRH:4
end_of_record
TN:
SF:assets\images\screen1.png
FNF:0
FNH:0
DA:1,1
LF:1
LH:1
BRF:0
BRH:0
end_of_record
TN:
SF:assets\images\screen2.png
FNF:0
FNH:0
DA:1,1
LF:1
LH:1
BRF:0
BRH:0
end_of_record
TN:
SF:assets\images\screen3.png
FNF:0
FNH:0
DA:1,1
LF:1
LH:1
BRF:0
BRH:0
end_of_record
TN:
SF:assets\images\screen4.png
FNF:0
FNH:0
DA:1,1
LF:1
LH:1
BRF:0
BRH:0
end_of_record
